<?xml version="1.0" encoding="UTF-8"?>
<testng-results skipped="0" failed="0" total="2" passed="2">
  <reporter-output>
  </reporter-output>
  <suite name="Default suite" duration-ms="35766" started-at="2023-03-01T04:59:38Z" finished-at="2023-03-01T05:00:14Z">
    <groups>
    </groups>
    <test name="Default test" duration-ms="35766" started-at="2023-03-01T04:59:38Z" finished-at="2023-03-01T05:00:14Z">
      <class name="com.testcases.poojastore.LoginTest">
        <test-method status="PASS" signature="setup()[pri:0, instance:com.testcases.poojastore.LoginTest@83b407]" name="setup" is-config="true" duration-ms="7902" started-at="2023-03-01T10:29:38Z" finished-at="2023-03-01T10:29:46Z">
          <reporter-output>
          </reporter-output>
        </test-method> <!-- setup -->
        <test-method status="PASS" signature="verifyLoginpage()[pri:0, instance:com.testcases.poojastore.LoginTest@83b407]" name="verifyLoginpage" duration-ms="2626" started-at="2023-03-01T10:29:46Z" finished-at="2023-03-01T10:29:48Z">
          <reporter-output>
          </reporter-output>
        </test-method> <!-- verifyLoginpage -->
        <test-method status="PASS" signature="teardown()[pri:0, instance:com.testcases.poojastore.LoginTest@83b407]" name="teardown" is-config="true" duration-ms="16273" started-at="2023-03-01T10:29:48Z" finished-at="2023-03-01T10:30:05Z">
          <reporter-output>
          </reporter-output>
        </test-method> <!-- teardown -->
        <test-method status="PASS" signature="setup()[pri:0, instance:com.testcases.poojastore.LoginTest@83b407]" name="setup" is-config="true" duration-ms="8866" started-at="2023-03-01T10:30:05Z" finished-at="2023-03-01T10:30:14Z">
          <reporter-output>
          </reporter-output>
        </test-method> <!-- setup -->
        <test-method status="PASS" signature="verifyTitle()[pri:0, instance:com.testcases.poojastore.LoginTest@83b407]" name="verifyTitle" duration-ms="6" started-at="2023-03-01T10:30:14Z" finished-at="2023-03-01T10:30:14Z">
          <reporter-output>
          </reporter-output>
        </test-method> <!-- verifyTitle -->
        <test-method status="PASS" signature="teardown()[pri:0, instance:com.testcases.poojastore.LoginTest@83b407]" name="teardown" is-config="true" duration-ms="78" started-at="2023-03-01T10:30:14Z" finished-at="2023-03-01T10:30:14Z">
          <reporter-output>
          </reporter-output>
        </test-method> <!-- teardown -->
      </class> <!-- com.testcases.poojastore.LoginTest -->
    </test> <!-- Default test -->
  </suite> <!-- Default suite -->
</testng-results>
